<?xml version="1.0" encoding="UTF-8"?>
<!-- Generated by org.testng.reporters.JUnitXMLReporter -->
<testsuite ignored="0" hostname="LAPTOP-QEKB9P62" failures="0" tests="5" name="parameter" time="0.092" errors="0" timestamp="2024-10-10T10:52:17 GST">
  <testcase classname="testscript.Base" name="@BeforeMethod initializeMethod" time="-1.728543137319E9">
    <failure type="org.testng.TestNGException" message="
Parameter &amp;apos;browzer&amp;apos; is required by BeforeMethod on method initializeMethod but has not been marked @Optional or defined
in C:\Users\ANUPAMA VISHNU\git\7RMartSuperMarket\SevenRMartSuperMarket\parameter.xml">
      <![CDATA[org.testng.TestNGException: 
Parameter 'browzer' is required by BeforeMethod on method initializeMethod but has not been marked @Optional or defined
in C:\Users\ANUPAMA VISHNU\git\7RMartSuperMarket\SevenRMartSuperMarket\parameter.xml
at java.base/java.util.ArrayList.forEach(ArrayList.java:1511)
... Removed 28 stack frames]]>
    </failure>
  </testcase> <!-- @BeforeMethod initializeMethod -->
  <testcase classname="testscript.Base" name="@AfterMethod afterMethod" time="-1.728543137336E9">
    <skipped/>
  </testcase> <!-- @AfterMethod afterMethod -->
  <testcase classname="testscript.Base" name="@BeforeMethod initializeMethod" time="-1.728543137337E9">
    <skipped/>
  </testcase> <!-- @BeforeMethod initializeMethod -->
  <testcase classname="testscript.Base" name="@AfterMethod afterMethod" time="-1.728543137342E9">
    <skipped/>
  </testcase> <!-- @AfterMethod afterMethod -->
  <testcase classname="testscript.Base" name="@BeforeMethod initializeMethod" time="-1.728543137351E9">
    <skipped/>
  </testcase> <!-- @BeforeMethod initializeMethod -->
  <testcase classname="testscript.Base" name="@AfterMethod afterMethod" time="-1.728543137357E9">
    <skipped/>
  </testcase> <!-- @AfterMethod afterMethod -->
  <testcase classname="testscript.Base" name="@BeforeMethod initializeMethod" time="-1.728543137359E9">
    <skipped/>
  </testcase> <!-- @BeforeMethod initializeMethod -->
  <testcase classname="testscript.Base" name="@AfterMethod afterMethod" time="-1.728543137364E9">
    <skipped/>
  </testcase> <!-- @AfterMethod afterMethod -->
  <testcase classname="testscript.Base" name="@BeforeMethod initializeMethod" time="-1.728543137366E9">
    <skipped/>
  </testcase> <!-- @BeforeMethod initializeMethod -->
  <testcase classname="testscript.Base" name="@AfterMethod afterMethod" time="-1.72854313737E9">
    <skipped/>
  </testcase> <!-- @AfterMethod afterMethod -->
  <testcase classname="testscript.LoginTest" name="verifyUserIsAbleToLoginUsingValidCredentials" time="0.0">
    <skipped/>
  </testcase> <!-- verifyUserIsAbleToLoginUsingValidCredentials -->
  <testcase classname="testscript.LoginTest" name="verifyUserIsAbleToLoginUsingValidCredentials" time="0.0">
    <skipped/>
  </testcase> <!-- verifyUserIsAbleToLoginUsingValidCredentials -->
  <testcase classname="testscript.LoginTest" name="verifyUserIsUnableToLoginWithInvalidCredentials" time="0.0">
    <skipped/>
  </testcase> <!-- verifyUserIsUnableToLoginWithInvalidCredentials -->
  <testcase classname="testscript.LoginTest" name="verifyUserIsUnableToLoginWithInvalidPasswordAndValidUserName" time="0.0">
    <skipped/>
  </testcase> <!-- verifyUserIsUnableToLoginWithInvalidPasswordAndValidUserName -->
  <testcase classname="testscript.LoginTest" name="verifyUserIsUnableToLoginWithValidPasswordAndInalidUserName" time="0.0">
    <skipped/>
  </testcase> <!-- verifyUserIsUnableToLoginWithValidPasswordAndInalidUserName -->
</testsuite> <!-- parameter -->
